#
# There is insufficient memory for the Java Runtime Environment to continue.
# Native memory allocation (malloc) failed to allocate 2048 bytes for Failed to allocate _fine_grain_entries.
# Possible reasons:
#   The system is out of physical RAM or swap space
#   The process is running with CompressedOops enabled, and the Java Heap may be blocking the growth of the native heap
# Possible solutions:
#   Reduce memory load on the system
#   Increase physical memory or swap space
#   Check if swap backing store is full
#   Decrease Java heap size (-Xmx/-Xms)
#   Decrease number of Java threads
#   Decrease Java thread stack sizes (-Xss)
#   Set larger code cache with -XX:ReservedCodeCacheSize=
# This output file may be truncated or incomplete.
#
#  Out of Memory Error (heapRegionRemSet.cpp:270), pid=19764, tid=23080
#
# JRE version:  (11.0.19+7) (build )
# Java VM: OpenJDK 64-Bit Server VM (11.0.19+7, mixed mode, sharing, tiered, compressed oops, g1 gc, windows-amd64)
# No core dump will be written. Minidumps are not enabled by default on client versions of Windows
#

---------------  S U M M A R Y ------------

Command Line: C:\Users\User\Selenium\artefacts\app-order.jar -port=7777

Host: Intel(R) Core(TM) i7-4700HQ CPU @ 2.40GHz, 8 cores, 7G,  Windows 10 , 64 bit Build 14393 (10.0.14393.0)
Time: Wed Dec 13 23:52:39 2023 GMT - время по Гринвичу (зима) elapsed time: 0.043830 seconds (0d 0h 0m 0s)

---------------  T H R E A D  ---------------

Current thread (0x0000025dfa615800):  JavaThread "Unknown thread" [_thread_in_vm, id=23080, stack(0x0000007365a00000,0x0000007365b00000)]

Stack: [0x0000007365a00000,0x0000007365b00000]
Native frames: (J=compiled Java code, j=interpreted, Vv=VM code, C=native code)
V  [jvm.dll+0x64fb5a]
V  [jvm.dll+0x7e3549]
V  [jvm.dll+0x7e4c49]
V  [jvm.dll+0x7e5333]
V  [jvm.dll+0x26afd5]
V  [jvm.dll+0x3749f2]
V  [jvm.dll+0x371845]
V  [jvm.dll+0x304a7b]
V  [jvm.dll+0x373e57]
V  [jvm.dll+0x3737d0]
V  [jvm.dll+0x3027a8]
V  [jvm.dll+0x3038a5]
V  [jvm.dll+0x7bc6f7]
V  [jvm.dll+0x7bdebf]
V  [jvm.dll+0x381169]
V  [jvm.dll+0x79ea5f]
V  [jvm.dll+0x3f2697]
V  [jvm.dll+0x3f4b81]
C  [jli.dll+0x52eb]
C  [ucrtbase.dll+0x1cab0]
C  [KERNEL32.DLL+0x8364]
C  [ntdll.dll+0x65e91]


---------------  P R O C E S S  ---------------

Threads class SMR info:
_java_thread_list=0x0000025df858e630, length=0, elements={
}

Java Threads: ( => current thread )

Other Threads:
  0x0000025dfa62e800 GCTaskThread "GC Thread#0" [stack: 0x0000007365b00000,0x0000007365c00000] [id=14928]
  0x0000025dfa65f000 ConcurrentGCThread "G1 Main Marker" [stack: 0x0000007365c00000,0x0000007365d00000] [id=9612]
  0x0000025dfa660800 ConcurrentGCThread "G1 Conc#0" [stack: 0x0000007365d00000,0x0000007365e00000] [id=7952]

[error occurred during error reporting (printing all threads), id 0xc0000005, EXCEPTION_ACCESS_VIOLATION (0xc0000005) at pc=0x00007ffa345f3247]

VM state:not at safepoint (not fully initialized)

VM Mutex/Monitor currently owned by a thread:  ([mutex/lock_event])
[0x0000025dfa612280] Heap_lock - owner thread: 0x0000025dfa615800

Heap address: 0x0000000081c00000, size: 2020 MB, Compressed Oops mode: Non-zero based: 0x0000000081c00000
Narrow klass base: 0x0000000000000000, Narrow klass shift: 0

GC Heap History (0 events):
No events

Deoptimization events (0 events):
No events

Classes redefined (0 events):
No events

Internal exceptions (0 events):
No events

Events (1 events):
Event: 0.024 Loaded shared library C:\Program Files\Eclipse Adoptium\jdk-11.0.19.7-hotspot\bin\zip.dll


Dynamic libraries:
0x00007ff64d2e0000 - 0x00007ff64d2ee000 	C:\Program Files\Eclipse Adoptium\jdk-11.0.19.7-hotspot\bin\java.exe
0x00007ffa6be90000 - 0x00007ffa6c061000 	C:\Windows\SYSTEM32\ntdll.dll
0x00007ffa6ba80000 - 0x00007ffa6bb2b000 	C:\Windows\System32\KERNEL32.DLL
0x00007ffa68a50000 - 0x00007ffa68c6d000 	C:\Windows\System32\KERNELBASE.dll
0x00007ffa684d0000 - 0x00007ffa685c5000 	C:\Windows\System32\ucrtbase.dll
0x00007ffa4ae20000 - 0x00007ffa4ae38000 	C:\Program Files\Eclipse Adoptium\jdk-11.0.19.7-hotspot\bin\jli.dll
0x00007ffa490b0000 - 0x00007ffa490c9000 	C:\Program Files\Eclipse Adoptium\jdk-11.0.19.7-hotspot\bin\VCRUNTIME140.dll
0x00007ffa6b850000 - 0x00007ffa6b9b5000 	C:\Windows\System32\USER32.dll
0x00007ffa685d0000 - 0x00007ffa685ee000 	C:\Windows\System32\win32u.dll
0x00007ffa69ad0000 - 0x00007ffa69b04000 	C:\Windows\System32\GDI32.dll
0x00007ffa68810000 - 0x00007ffa68992000 	C:\Windows\System32\gdi32full.dll
0x00007ffa54ab0000 - 0x00007ffa54d29000 	C:\Windows\WinSxS\amd64_microsoft.windows.common-controls_6595b64144ccf1df_6.0.14393.0_none_2d0f50fcbdb171b8\COMCTL32.dll
0x00007ffa6b7b0000 - 0x00007ffa6b84e000 	C:\Windows\System32\msvcrt.dll
0x00007ffa69580000 - 0x00007ffa69847000 	C:\Windows\System32\combase.dll
0x00007ffa6bc90000 - 0x00007ffa6bdb1000 	C:\Windows\System32\RPCRT4.dll
0x00007ffa68c70000 - 0x00007ffa68cda000 	C:\Windows\System32\bcryptPrimitives.dll
0x00007ffa6bdc0000 - 0x00007ffa6bdee000 	C:\Windows\System32\IMM32.DLL
0x00007ffa5b9e0000 - 0x00007ffa5b9ec000 	C:\Program Files\Eclipse Adoptium\jdk-11.0.19.7-hotspot\bin\vcruntime140_1.dll
0x00007ffa34ea0000 - 0x00007ffa34f31000 	C:\Program Files\Eclipse Adoptium\jdk-11.0.19.7-hotspot\bin\msvcp140.dll
0x00007ffa342e0000 - 0x00007ffa34e9c000 	C:\Program Files\Eclipse Adoptium\jdk-11.0.19.7-hotspot\bin\server\jvm.dll
0x00007ffa698c0000 - 0x00007ffa69962000 	C:\Windows\System32\ADVAPI32.dll
0x00007ffa6b9c0000 - 0x00007ffa6ba19000 	C:\Windows\System32\sechost.dll
0x00007ffa6bb30000 - 0x00007ffa6bb38000 	C:\Windows\System32\PSAPI.DLL
0x00007ffa57f60000 - 0x00007ffa57f69000 	C:\Windows\SYSTEM32\WSOCK32.dll
0x00007ffa66680000 - 0x00007ffa666a3000 	C:\Windows\SYSTEM32\WINMM.dll
0x00007ffa6be10000 - 0x00007ffa6be7a000 	C:\Windows\System32\WS2_32.dll
0x00007ffa5b440000 - 0x00007ffa5b44a000 	C:\Windows\SYSTEM32\VERSION.dll
0x00007ffa66620000 - 0x00007ffa6664b000 	C:\Windows\SYSTEM32\WINMMBASE.dll
0x00007ffa685f0000 - 0x00007ffa68632000 	C:\Windows\System32\cfgmgr32.dll
0x00007ffa683f0000 - 0x00007ffa683ff000 	C:\Windows\System32\kernel.appcore.dll
0x00007ffa5b450000 - 0x00007ffa5b460000 	C:\Program Files\Eclipse Adoptium\jdk-11.0.19.7-hotspot\bin\verify.dll
0x00007ffa582e0000 - 0x00007ffa58472000 	C:\Windows\SYSTEM32\DBGHELP.DLL
0x00007ffa58180000 - 0x00007ffa581a9000 	C:\Windows\SYSTEM32\dbgcore.DLL
0x00007ffa476f0000 - 0x00007ffa47718000 	C:\Program Files\Eclipse Adoptium\jdk-11.0.19.7-hotspot\bin\java.dll
0x00007ffa5ae10000 - 0x00007ffa5ae1a000 	C:\Program Files\Eclipse Adoptium\jdk-11.0.19.7-hotspot\bin\jimage.dll
0x00007ffa471f0000 - 0x00007ffa47208000 	C:\Program Files\Eclipse Adoptium\jdk-11.0.19.7-hotspot\bin\zip.dll

dbghelp: loaded successfully - version: 4.0.5 - missing functions: none
symbol engine: initialized successfully - sym options: 0x614 - pdb path: .;C:\Program Files\Eclipse Adoptium\jdk-11.0.19.7-hotspot\bin;C:\Windows\SYSTEM32;C:\Windows\WinSxS\amd64_microsoft.windows.common-controls_6595b64144ccf1df_6.0.14393.0_none_2d0f50fcbdb171b8;C:\Program Files\Eclipse Adoptium\jdk-11.0.19.7-hotspot\bin\server

VM Arguments:
java_command: C:\Users\User\Selenium\artefacts\app-order.jar -port=7777
java_class_path (initial): C:\Users\User\Selenium\artefacts\app-order.jar
Launcher Type: SUN_STANDARD

[Global flags]
     intx CICompilerCount                          = 4                                         {product} {ergonomic}
     uint ConcGCThreads                            = 2                                         {product} {ergonomic}
     uint G1ConcRefinementThreads                  = 8                                         {product} {ergonomic}
   size_t G1HeapRegionSize                         = 1048576                                   {product} {ergonomic}
    uintx GCDrainStackTargetSize                   = 64                                        {product} {ergonomic}
   size_t InitialHeapSize                          = 134217728                                 {product} {ergonomic}
   size_t MarkStackSize                            = 4194304                                   {product} {ergonomic}
   size_t MaxHeapSize                              = 2118123520                                {product} {ergonomic}
   size_t MinHeapDeltaBytes                        = 1048576                                   {product} {ergonomic}
    uintx NonNMethodCodeHeapSize                   = 5836300                                {pd product} {ergonomic}
    uintx NonProfiledCodeHeapSize                  = 122910970                              {pd product} {ergonomic}
    uintx ProfiledCodeHeapSize                     = 122910970                              {pd product} {ergonomic}
    uintx ReservedCodeCacheSize                    = 251658240                              {pd product} {ergonomic}
     bool SegmentedCodeCache                       = true                                      {product} {ergonomic}
     bool UseCompressedClassPointers               = true                                 {lp64_product} {ergonomic}
     bool UseCompressedOops                        = true                                 {lp64_product} {ergonomic}
     bool UseG1GC                                  = true                                      {product} {ergonomic}
     bool UseLargePagesIndividualAllocation        = false                                  {pd product} {ergonomic}

Logging:
Log output configuration:
 #0: stdout all=warning uptime,level,tags
 #1: stderr all=off uptime,level,tags

Environment Variables:
PATH=C:\Program Files\Eclipse Adoptium\jdk-11.0.19.7-hotspot\bin;C:\Program Files (x86)\Common Files\Oracle\Java\javapath;C:\Windows\system32;C:\Windows;C:\Windows\System32\Wbem;C:\Windows\System32\WindowsPowerShell\v1.0\;C:\Program Files\Git\cmd;C:\Users\User\AppData\Local\Microsoft\WindowsApps;;C:\Users\User\AppData\Local\Programs\Microsoft VS Code\bin
USERNAME=User
OS=Windows_NT
PROCESSOR_IDENTIFIER=Intel64 Family 6 Model 60 Stepping 3, GenuineIntel
TMP=C:\Windows\TEMP
TEMP=C:\Windows\TEMP



---------------  S Y S T E M  ---------------

OS: Windows 10 , 64 bit Build 14393 (10.0.14393.0)
OS uptime: 4 days 0:59 hours

CPU:total 8 (initial active 8) (4 cores per cpu, 2 threads per core) family 6 model 60 stepping 3 microcode 0x1e, cmov, cx8, fxsr, mmx, sse, sse2, sse3, ssse3, sse4.1, sse4.2, popcnt, avx, avx2, aes, clmul, erms, lzcnt, ht, tsc, tscinvbit, bmi1, bmi2, fma

Memory: 4k page, system-wide physical 8075M (170M free)
TotalPageFile size 20875M (AvailPageFile size 4M)
current process WorkingSet (physical memory assigned to process): 15M, peak: 15M
current process commit charge ("private bytes"): 193M, peak: 193M

vm_info: OpenJDK 64-Bit Server VM (11.0.19+7) for windows-amd64 JRE (11.0.19+7), built on Apr 18 2023 23:12:18 by "" with MS VC++ 16.7 (VS2019)

END.
