#
# There is insufficient memory for the Java Runtime Environment to continue.
# Native memory allocation (malloc) failed to allocate 571216 bytes for Chunk::new
# Possible reasons:
#   The system is out of physical RAM or swap space
#   The process is running with CompressedOops enabled, and the Java Heap may be blocking the growth of the native heap
# Possible solutions:
#   Reduce memory load on the system
#   Increase physical memory or swap space
#   Check if swap backing store is full
#   Decrease Java heap size (-Xmx/-Xms)
#   Decrease number of Java threads
#   Decrease Java thread stack sizes (-Xss)
#   Set larger code cache with -XX:ReservedCodeCacheSize=
#   JVM is running with Unscaled Compressed Oops mode in which the Java heap is
#     placed in the first 4GB address space. The Java Heap base address is the
#     maximum limit for the native heap growth. Please use -XX:HeapBaseMinAddress
#     to set the Java Heap base and to place the Java Heap above 4GB virtual address.
# This output file may be truncated or incomplete.
#
#  Out of Memory Error (arena.cpp:197), pid=6204, tid=15156
#
# JRE version: OpenJDK Runtime Environment Temurin-11.0.19+7 (11.0.19+7) (build 11.0.19+7)
# Java VM: OpenJDK 64-Bit Server VM Temurin-11.0.19+7 (11.0.19+7, mixed mode, tiered, compressed oops, g1 gc, windows-amd64)
# No core dump will be written. Minidumps are not enabled by default on client versions of Windows
#

---------------  S U M M A R Y ------------

Command Line: -Dorg.gradle.internal.worker.tmpdir=C:\Users\User\Selenium\build\tmp\test\work -Dorg.gradle.native=false -Dselenide.headless -Xmx512m -Dfile.encoding=windows-1251 -Duser.country=RU -Duser.language=ru -Duser.variant -ea worker.org.gradle.process.internal.worker.GradleWorkerMain 'Gradle Test Executor 6'

Host: Intel(R) Core(TM) i7-4700HQ CPU @ 2.40GHz, 8 cores, 7G,  Windows 10 , 64 bit Build 14393 (10.0.14393.0)
Time: Wed Dec 13 23:50:37 2023 GMT - время по Гринвичу (зима) elapsed time: 2.758240 seconds (0d 0h 0m 2s)

---------------  T H R E A D  ---------------

Current thread (0x00000220ff2d2000):  JavaThread "C2 CompilerThread0" daemon [_thread_in_native, id=15156, stack(0x000000668cc00000,0x000000668cd00000)]


Current CompileTask:
C2:   2758 1938       4       jdk.internal.loader.URLClassPath::getResource (74 bytes)

Stack: [0x000000668cc00000,0x000000668cd00000]
Native frames: (J=compiled Java code, j=interpreted, Vv=VM code, C=native code)
V  [jvm.dll+0x64fb5a]
V  [jvm.dll+0x7e3549]
V  [jvm.dll+0x7e4c49]
V  [jvm.dll+0x7e5333]
V  [jvm.dll+0x26afd5]
V  [jvm.dll+0xc1a5c]
V  [jvm.dll+0xc200c]
V  [jvm.dll+0x37b337]
V  [jvm.dll+0x1b37c2]
V  [jvm.dll+0x222ecf]
V  [jvm.dll+0x221d88]
V  [jvm.dll+0x19e6c1]
V  [jvm.dll+0x231f59]
V  [jvm.dll+0x2300af]
V  [jvm.dll+0x7a48d0]
V  [jvm.dll+0x79d6e4]
V  [jvm.dll+0x64e915]
C  [ucrtbase.dll+0x1cab0]
C  [KERNEL32.DLL+0x8364]
C  [ntdll.dll+0x65e91]


---------------  P R O C E S S  ---------------

Threads class SMR info:
_java_thread_list=0x000002209ad49fa0, length=15, elements={
0x00000220fd173800, 0x00000220ff2ab800, 0x00000220ff2b4800, 0x00000220ff2c4000,
0x00000220ff2c4800, 0x00000220ff2c5800, 0x00000220ff2d2000, 0x00000220ff2d6800,
0x00000220ff2d9800, 0x00000220ffd56000, 0x0000022099e9e000, 0x0000022099e7c800,
0x0000022099e11800, 0x000002209a645800, 0x000002209ad50800
}

Java Threads: ( => current thread )
  0x00000220fd173800 JavaThread "Test worker" [_thread_in_vm, id=11496, stack(0x000000668c000000,0x000000668c100000)]
  0x00000220ff2ab800 JavaThread "Reference Handler" daemon [_thread_blocked, id=19404, stack(0x000000668c700000,0x000000668c800000)]
  0x00000220ff2b4800 JavaThread "Finalizer" daemon [_thread_blocked, id=19508, stack(0x000000668c800000,0x000000668c900000)]
  0x00000220ff2c4000 JavaThread "Signal Dispatcher" daemon [_thread_blocked, id=22496, stack(0x000000668c900000,0x000000668ca00000)]
  0x00000220ff2c4800 JavaThread "Attach Listener" daemon [_thread_blocked, id=9076, stack(0x000000668ca00000,0x000000668cb00000)]
  0x00000220ff2c5800 JavaThread "Service Thread" daemon [_thread_blocked, id=17708, stack(0x000000668cb00000,0x000000668cc00000)]
=>0x00000220ff2d2000 JavaThread "C2 CompilerThread0" daemon [_thread_in_native, id=15156, stack(0x000000668cc00000,0x000000668cd00000)]
  0x00000220ff2d6800 JavaThread "C1 CompilerThread0" daemon [_thread_blocked, id=19076, stack(0x000000668cd00000,0x000000668ce00000)]
  0x00000220ff2d9800 JavaThread "Sweeper thread" daemon [_thread_blocked, id=21336, stack(0x000000668ce00000,0x000000668cf00000)]
  0x00000220ffd56000 JavaThread "Common-Cleaner" daemon [_thread_blocked, id=22780, stack(0x000000668d000000,0x000000668d100000)]
  0x0000022099e9e000 JavaThread "/127.0.0.1:65495 to /127.0.0.1:65493 workers" [_thread_blocked, id=4812, stack(0x000000668d200000,0x000000668d300000)]
  0x0000022099e7c800 JavaThread "/127.0.0.1:65495 to /127.0.0.1:65493 workers Thread 2" [_thread_blocked, id=5908, stack(0x000000668d300000,0x000000668d400000)]
  0x0000022099e11800 JavaThread "/127.0.0.1:65495 to /127.0.0.1:65493 workers Thread 3" [_thread_in_native, id=23316, stack(0x000000668d400000,0x000000668d500000)]
  0x000002209a645800 JavaThread "ForkJoinPool.commonPool-worker-3" daemon [_thread_blocked, id=12676, stack(0x000000668de00000,0x000000668df00000)]
  0x000002209ad50800 JavaThread "AsyncHttpClient-1-1" daemon [_thread_blocked, id=13988, stack(0x000000668df00000,0x000000668e000000)]

Other Threads:
  0x00000220ff285800 VMThread "VM Thread" [stack: 0x000000668c600000,0x000000668c700000] [id=14088]
  0x00000220ffdfe800 WatcherThread [stack: 0x000000668cf00000,0x000000668d000000] [id=1924]
  0x00000220fd18c800 GCTaskThread "GC Thread#0" [stack: 0x000000668c100000,0x000000668c200000] [id=18464]
  0x0000022099796800 GCTaskThread "GC Thread#1" [stack: 0x000000668d500000,0x000000668d600000] [id=22356]
  0x0000022099797000 GCTaskThread "GC Thread#2" [stack: 0x000000668d600000,0x000000668d700000] [id=16588]
  0x0000022099798800 GCTaskThread "GC Thread#3" [stack: 0x000000668d700000,0x000000668d800000] [id=9956]
  0x0000022099795000 GCTaskThread "GC Thread#4" [stack: 0x000000668d800000,0x000000668d900000] [id=16428]
  0x0000022099798000 GCTaskThread "GC Thread#5" [stack: 0x000000668d900000,0x000000668da00000] [id=19992]
  0x0000022099795800 GCTaskThread "GC Thread#6" [stack: 0x000000668da00000,0x000000668db00000] [id=9788]
  0x000002209979c000 GCTaskThread "GC Thread#7" [stack: 0x000000668db00000,0x000000668dc00000] [id=10360]
  0x00000220fd19d800 ConcurrentGCThread "G1 Main Marker" [stack: 0x000000668c200000,0x000000668c300000] [id=20296]
  0x00000220fd1a0800 ConcurrentGCThread "G1 Conc#0" [stack: 0x000000668c300000,0x000000668c400000] [id=17288]
  0x000002209979a000 ConcurrentGCThread "G1 Conc#1" [stack: 0x000000668dd00000,0x000000668de00000] [id=6164]
  0x00000220ff100800 ConcurrentGCThread "G1 Refine#0" [stack: 0x000000668c400000,0x000000668c500000] [id=15284]
  0x00000220ffef5800 ConcurrentGCThread "G1 Refine#1" [stack: 0x000000668dc00000,0x000000668dd00000] [id=10480]
  0x00000220ff101000 ConcurrentGCThread "G1 Young RemSet Sampling" [stack: 0x000000668c500000,0x000000668c600000] [id=15904]

Threads with active compile tasks:
C2 CompilerThread0     2791 1938       4       jdk.internal.loader.URLClassPath::getResource (74 bytes)

VM state:not at safepoint (normal execution)

VM Mutex/Monitor currently owned by a thread: None

Heap address: 0x00000000e0000000, size: 512 MB, Compressed Oops mode: 32-bit
Narrow klass base: 0x0000000000000000, Narrow klass shift: 3
Compressed class space size: 1073741824 Address: 0x0000000100000000

Heap:
 garbage-first heap   total 131072K, used 38112K [0x00000000e0000000, 0x0000000100000000)
  region size 1024K, 31 young (31744K), 4 survivors (4096K)
 Metaspace       used 24489K, capacity 25172K, committed 25344K, reserved 1071104K
  class space    used 2778K, capacity 3072K, committed 3072K, reserved 1048576K
Heap Regions: E=young(eden), S=young(survivor), O=old, HS=humongous(starts), HC=humongous(continues), CS=collection set, F=free, A=archive, TAMS=top-at-mark-start (previous, next)
|   0|0x00000000e0000000, 0x00000000e0100000, 0x00000000e0100000|100%| O|  |TAMS 0x00000000e0100000, 0x00000000e0000000| Untracked 
|   1|0x00000000e0100000, 0x00000000e0200000, 0x00000000e0200000|100%| O|  |TAMS 0x00000000e0200000, 0x00000000e0100000| Untracked 
|   2|0x00000000e0200000, 0x00000000e0300000, 0x00000000e0300000|100%| O|  |TAMS 0x00000000e0300000, 0x00000000e0200000| Untracked 
|   3|0x00000000e0300000, 0x00000000e0400000, 0x00000000e0400000|100%| O|  |TAMS 0x00000000e0400000, 0x00000000e0300000| Untracked 
|   4|0x00000000e0400000, 0x00000000e0500000, 0x00000000e0500000|100%| O|  |TAMS 0x00000000e0500000, 0x00000000e0400000| Untracked 
|   5|0x00000000e0500000, 0x00000000e0600000, 0x00000000e0600000|100%| O|  |TAMS 0x00000000e0600000, 0x00000000e0500000| Untracked 
|   6|0x00000000e0600000, 0x00000000e0700000, 0x00000000e0700000|100%| O|  |TAMS 0x00000000e0700000, 0x00000000e0600000| Untracked 
|   7|0x00000000e0700000, 0x00000000e0738200, 0x00000000e0800000| 21%| O|  |TAMS 0x00000000e0738200, 0x00000000e0700000| Untracked 
|   8|0x00000000e0800000, 0x00000000e0800000, 0x00000000e0900000|  0%| F|  |TAMS 0x00000000e0800000, 0x00000000e0800000| Untracked 
|   9|0x00000000e0900000, 0x00000000e0900000, 0x00000000e0a00000|  0%| F|  |TAMS 0x00000000e0900000, 0x00000000e0900000| Untracked 
|  10|0x00000000e0a00000, 0x00000000e0a00000, 0x00000000e0b00000|  0%| F|  |TAMS 0x00000000e0a00000, 0x00000000e0a00000| Untracked 
|  11|0x00000000e0b00000, 0x00000000e0b00000, 0x00000000e0c00000|  0%| F|  |TAMS 0x00000000e0b00000, 0x00000000e0b00000| Untracked 
|  12|0x00000000e0c00000, 0x00000000e0c00000, 0x00000000e0d00000|  0%| F|  |TAMS 0x00000000e0c00000, 0x00000000e0c00000| Untracked 
|  13|0x00000000e0d00000, 0x00000000e0d00000, 0x00000000e0e00000|  0%| F|  |TAMS 0x00000000e0d00000, 0x00000000e0d00000| Untracked 
|  14|0x00000000e0e00000, 0x00000000e0e00000, 0x00000000e0f00000|  0%| F|  |TAMS 0x00000000e0e00000, 0x00000000e0e00000| Untracked 
|  15|0x00000000e0f00000, 0x00000000e0f00000, 0x00000000e1000000|  0%| F|  |TAMS 0x00000000e0f00000, 0x00000000e0f00000| Untracked 
|  16|0x00000000e1000000, 0x00000000e1000000, 0x00000000e1100000|  0%| F|  |TAMS 0x00000000e1000000, 0x00000000e1000000| Untracked 
|  17|0x00000000e1100000, 0x00000000e1100000, 0x00000000e1200000|  0%| F|  |TAMS 0x00000000e1100000, 0x00000000e1100000| Untracked 
|  18|0x00000000e1200000, 0x00000000e1200000, 0x00000000e1300000|  0%| F|  |TAMS 0x00000000e1200000, 0x00000000e1200000| Untracked 
|  19|0x00000000e1300000, 0x00000000e1300000, 0x00000000e1400000|  0%| F|  |TAMS 0x00000000e1300000, 0x00000000e1300000| Untracked 
|  20|0x00000000e1400000, 0x00000000e1400000, 0x00000000e1500000|  0%| F|  |TAMS 0x00000000e1400000, 0x00000000e1400000| Untracked 
|  21|0x00000000e1500000, 0x00000000e1500000, 0x00000000e1600000|  0%| F|  |TAMS 0x00000000e1500000, 0x00000000e1500000| Untracked 
|  22|0x00000000e1600000, 0x00000000e1600000, 0x00000000e1700000|  0%| F|  |TAMS 0x00000000e1600000, 0x00000000e1600000| Untracked 
|  23|0x00000000e1700000, 0x00000000e1700000, 0x00000000e1800000|  0%| F|  |TAMS 0x00000000e1700000, 0x00000000e1700000| Untracked 
|  24|0x00000000e1800000, 0x00000000e1800000, 0x00000000e1900000|  0%| F|  |TAMS 0x00000000e1800000, 0x00000000e1800000| Untracked 
|  25|0x00000000e1900000, 0x00000000e1900000, 0x00000000e1a00000|  0%| F|  |TAMS 0x00000000e1900000, 0x00000000e1900000| Untracked 
|  26|0x00000000e1a00000, 0x00000000e1a00000, 0x00000000e1b00000|  0%| F|  |TAMS 0x00000000e1a00000, 0x00000000e1a00000| Untracked 
|  27|0x00000000e1b00000, 0x00000000e1b00000, 0x00000000e1c00000|  0%| F|  |TAMS 0x00000000e1b00000, 0x00000000e1b00000| Untracked 
|  28|0x00000000e1c00000, 0x00000000e1c00000, 0x00000000e1d00000|  0%| F|  |TAMS 0x00000000e1c00000, 0x00000000e1c00000| Untracked 
|  29|0x00000000e1d00000, 0x00000000e1d00000, 0x00000000e1e00000|  0%| F|  |TAMS 0x00000000e1d00000, 0x00000000e1d00000| Untracked 
|  30|0x00000000e1e00000, 0x00000000e1e00000, 0x00000000e1f00000|  0%| F|  |TAMS 0x00000000e1e00000, 0x00000000e1e00000| Untracked 
|  31|0x00000000e1f00000, 0x00000000e1f00000, 0x00000000e2000000|  0%| F|  |TAMS 0x00000000e1f00000, 0x00000000e1f00000| Untracked 
|  32|0x00000000e2000000, 0x00000000e2000000, 0x00000000e2100000|  0%| F|  |TAMS 0x00000000e2000000, 0x00000000e2000000| Untracked 
|  33|0x00000000e2100000, 0x00000000e2100000, 0x00000000e2200000|  0%| F|  |TAMS 0x00000000e2100000, 0x00000000e2100000| Untracked 
|  34|0x00000000e2200000, 0x00000000e2200000, 0x00000000e2300000|  0%| F|  |TAMS 0x00000000e2200000, 0x00000000e2200000| Untracked 
|  35|0x00000000e2300000, 0x00000000e2300000, 0x00000000e2400000|  0%| F|  |TAMS 0x00000000e2300000, 0x00000000e2300000| Untracked 
|  36|0x00000000e2400000, 0x00000000e2400000, 0x00000000e2500000|  0%| F|  |TAMS 0x00000000e2400000, 0x00000000e2400000| Untracked 
|  37|0x00000000e2500000, 0x00000000e2500000, 0x00000000e2600000|  0%| F|  |TAMS 0x00000000e2500000, 0x00000000e2500000| Untracked 
|  38|0x00000000e2600000, 0x00000000e2600000, 0x00000000e2700000|  0%| F|  |TAMS 0x00000000e2600000, 0x00000000e2600000| Untracked 
|  39|0x00000000e2700000, 0x00000000e2700000, 0x00000000e2800000|  0%| F|  |TAMS 0x00000000e2700000, 0x00000000e2700000| Untracked 
|  40|0x00000000e2800000, 0x00000000e2800000, 0x00000000e2900000|  0%| F|  |TAMS 0x00000000e2800000, 0x00000000e2800000| Untracked 
|  41|0x00000000e2900000, 0x00000000e2900000, 0x00000000e2a00000|  0%| F|  |TAMS 0x00000000e2900000, 0x00000000e2900000| Untracked 
|  42|0x00000000e2a00000, 0x00000000e2a00000, 0x00000000e2b00000|  0%| F|  |TAMS 0x00000000e2a00000, 0x00000000e2a00000| Untracked 
|  43|0x00000000e2b00000, 0x00000000e2b00000, 0x00000000e2c00000|  0%| F|  |TAMS 0x00000000e2b00000, 0x00000000e2b00000| Untracked 
|  44|0x00000000e2c00000, 0x00000000e2c00000, 0x00000000e2d00000|  0%| F|  |TAMS 0x00000000e2c00000, 0x00000000e2c00000| Untracked 
|  45|0x00000000e2d00000, 0x00000000e2d00000, 0x00000000e2e00000|  0%| F|  |TAMS 0x00000000e2d00000, 0x00000000e2d00000| Untracked 
|  46|0x00000000e2e00000, 0x00000000e2e00000, 0x00000000e2f00000|  0%| F|  |TAMS 0x00000000e2e00000, 0x00000000e2e00000| Untracked 
|  47|0x00000000e2f00000, 0x00000000e2f00000, 0x00000000e3000000|  0%| F|  |TAMS 0x00000000e2f00000, 0x00000000e2f00000| Untracked 
|  48|0x00000000e3000000, 0x00000000e3000000, 0x00000000e3100000|  0%| F|  |TAMS 0x00000000e3000000, 0x00000000e3000000| Untracked 
|  49|0x00000000e3100000, 0x00000000e3100000, 0x00000000e3200000|  0%| F|  |TAMS 0x00000000e3100000, 0x00000000e3100000| Untracked 
|  50|0x00000000e3200000, 0x00000000e3200000, 0x00000000e3300000|  0%| F|  |TAMS 0x00000000e3200000, 0x00000000e3200000| Untracked 
|  51|0x00000000e3300000, 0x00000000e3300000, 0x00000000e3400000|  0%| F|  |TAMS 0x00000000e3300000, 0x00000000e3300000| Untracked 
|  52|0x00000000e3400000, 0x00000000e3400000, 0x00000000e3500000|  0%| F|  |TAMS 0x00000000e3400000, 0x00000000e3400000| Untracked 
|  53|0x00000000e3500000, 0x00000000e3500000, 0x00000000e3600000|  0%| F|  |TAMS 0x00000000e3500000, 0x00000000e3500000| Untracked 
|  54|0x00000000e3600000, 0x00000000e3600000, 0x00000000e3700000|  0%| F|  |TAMS 0x00000000e3600000, 0x00000000e3600000| Untracked 
|  55|0x00000000e3700000, 0x00000000e3700000, 0x00000000e3800000|  0%| F|  |TAMS 0x00000000e3700000, 0x00000000e3700000| Untracked 
|  56|0x00000000e3800000, 0x00000000e3800000, 0x00000000e3900000|  0%| F|  |TAMS 0x00000000e3800000, 0x00000000e3800000| Untracked 
|  57|0x00000000e3900000, 0x00000000e3900000, 0x00000000e3a00000|  0%| F|  |TAMS 0x00000000e3900000, 0x00000000e3900000| Untracked 
|  58|0x00000000e3a00000, 0x00000000e3a00000, 0x00000000e3b00000|  0%| F|  |TAMS 0x00000000e3a00000, 0x00000000e3a00000| Untracked 
|  59|0x00000000e3b00000, 0x00000000e3b00000, 0x00000000e3c00000|  0%| F|  |TAMS 0x00000000e3b00000, 0x00000000e3b00000| Untracked 
|  60|0x00000000e3c00000, 0x00000000e3c00000, 0x00000000e3d00000|  0%| F|  |TAMS 0x00000000e3c00000, 0x00000000e3c00000| Untracked 
|  61|0x00000000e3d00000, 0x00000000e3d00000, 0x00000000e3e00000|  0%| F|  |TAMS 0x00000000e3d00000, 0x00000000e3d00000| Untracked 
|  62|0x00000000e3e00000, 0x00000000e3e00000, 0x00000000e3f00000|  0%| F|  |TAMS 0x00000000e3e00000, 0x00000000e3e00000| Untracked 
|  63|0x00000000e3f00000, 0x00000000e3f00000, 0x00000000e4000000|  0%| F|  |TAMS 0x00000000e3f00000, 0x00000000e3f00000| Untracked 
|  64|0x00000000e4000000, 0x00000000e4000000, 0x00000000e4100000|  0%| F|  |TAMS 0x00000000e4000000, 0x00000000e4000000| Untracked 
|  65|0x00000000e4100000, 0x00000000e4100000, 0x00000000e4200000|  0%| F|  |TAMS 0x00000000e4100000, 0x00000000e4100000| Untracked 
|  66|0x00000000e4200000, 0x00000000e4200000, 0x00000000e4300000|  0%| F|  |TAMS 0x00000000e4200000, 0x00000000e4200000| Untracked 
|  67|0x00000000e4300000, 0x00000000e4300000, 0x00000000e4400000|  0%| F|  |TAMS 0x00000000e4300000, 0x00000000e4300000| Untracked 
|  68|0x00000000e4400000, 0x00000000e4400000, 0x00000000e4500000|  0%| F|  |TAMS 0x00000000e4400000, 0x00000000e4400000| Untracked 
|  69|0x00000000e4500000, 0x00000000e4500000, 0x00000000e4600000|  0%| F|  |TAMS 0x00000000e4500000, 0x00000000e4500000| Untracked 
|  70|0x00000000e4600000, 0x00000000e4600000, 0x00000000e4700000|  0%| F|  |TAMS 0x00000000e4600000, 0x00000000e4600000| Untracked 
|  71|0x00000000e4700000, 0x00000000e4700000, 0x00000000e4800000|  0%| F|  |TAMS 0x00000000e4700000, 0x00000000e4700000| Untracked 
|  72|0x00000000e4800000, 0x00000000e4800000, 0x00000000e4900000|  0%| F|  |TAMS 0x00000000e4800000, 0x00000000e4800000| Untracked 
|  73|0x00000000e4900000, 0x00000000e4900000, 0x00000000e4a00000|  0%| F|  |TAMS 0x00000000e4900000, 0x00000000e4900000| Untracked 
|  74|0x00000000e4a00000, 0x00000000e4a00000, 0x00000000e4b00000|  0%| F|  |TAMS 0x00000000e4a00000, 0x00000000e4a00000| Untracked 
|  75|0x00000000e4b00000, 0x00000000e4b00000, 0x00000000e4c00000|  0%| F|  |TAMS 0x00000000e4b00000, 0x00000000e4b00000| Untracked 
|  76|0x00000000e4c00000, 0x00000000e4c00000, 0x00000000e4d00000|  0%| F|  |TAMS 0x00000000e4c00000, 0x00000000e4c00000| Untracked 
|  77|0x00000000e4d00000, 0x00000000e4d00000, 0x00000000e4e00000|  0%| F|  |TAMS 0x00000000e4d00000, 0x00000000e4d00000| Untracked 
|  78|0x00000000e4e00000, 0x00000000e4e00000, 0x00000000e4f00000|  0%| F|  |TAMS 0x00000000e4e00000, 0x00000000e4e00000| Untracked 
|  79|0x00000000e4f00000, 0x00000000e4f00000, 0x00000000e5000000|  0%| F|  |TAMS 0x00000000e4f00000, 0x00000000e4f00000| Untracked 
|  80|0x00000000e5000000, 0x00000000e5000000, 0x00000000e5100000|  0%| F|  |TAMS 0x00000000e5000000, 0x00000000e5000000| Untracked 
|  81|0x00000000e5100000, 0x00000000e5100000, 0x00000000e5200000|  0%| F|  |TAMS 0x00000000e5100000, 0x00000000e5100000| Untracked 
|  82|0x00000000e5200000, 0x00000000e5200000, 0x00000000e5300000|  0%| F|  |TAMS 0x00000000e5200000, 0x00000000e5200000| Untracked 
|  83|0x00000000e5300000, 0x00000000e5300000, 0x00000000e5400000|  0%| F|  |TAMS 0x00000000e5300000, 0x00000000e5300000| Untracked 
|  84|0x00000000e5400000, 0x00000000e5400000, 0x00000000e5500000|  0%| F|  |TAMS 0x00000000e5400000, 0x00000000e5400000| Untracked 
|  85|0x00000000e5500000, 0x00000000e5500000, 0x00000000e5600000|  0%| F|  |TAMS 0x00000000e5500000, 0x00000000e5500000| Untracked 
|  86|0x00000000e5600000, 0x00000000e5600000, 0x00000000e5700000|  0%| F|  |TAMS 0x00000000e5600000, 0x00000000e5600000| Untracked 
|  87|0x00000000e5700000, 0x00000000e5700000, 0x00000000e5800000|  0%| F|  |TAMS 0x00000000e5700000, 0x00000000e5700000| Untracked 
|  88|0x00000000e5800000, 0x00000000e5800000, 0x00000000e5900000|  0%| F|  |TAMS 0x00000000e5800000, 0x00000000e5800000| Untracked 
|  89|0x00000000e5900000, 0x00000000e5900000, 0x00000000e5a00000|  0%| F|  |TAMS 0x00000000e5900000, 0x00000000e5900000| Untracked 
|  90|0x00000000e5a00000, 0x00000000e5a00000, 0x00000000e5b00000|  0%| F|  |TAMS 0x00000000e5a00000, 0x00000000e5a00000| Untracked 
|  91|0x00000000e5b00000, 0x00000000e5b00000, 0x00000000e5c00000|  0%| F|  |TAMS 0x00000000e5b00000, 0x00000000e5b00000| Untracked 
|  92|0x00000000e5c00000, 0x00000000e5c00000, 0x00000000e5d00000|  0%| F|  |TAMS 0x00000000e5c00000, 0x00000000e5c00000| Untracked 
|  93|0x00000000e5d00000, 0x00000000e5d00000, 0x00000000e5e00000|  0%| F|  |TAMS 0x00000000e5d00000, 0x00000000e5d00000| Untracked 
|  94|0x00000000e5e00000, 0x00000000e5f00000, 0x00000000e5f00000|100%| S|CS|TAMS 0x00000000e5e00000, 0x00000000e5e00000| Complete 
|  95|0x00000000e5f00000, 0x00000000e6000000, 0x00000000e6000000|100%| S|CS|TAMS 0x00000000e5f00000, 0x00000000e5f00000| Complete 
|  96|0x00000000e6000000, 0x00000000e6100000, 0x00000000e6100000|100%| S|CS|TAMS 0x00000000e6000000, 0x00000000e6000000| Complete 
|  97|0x00000000e6100000, 0x00000000e6200000, 0x00000000e6200000|100%| S|CS|TAMS 0x00000000e6100000, 0x00000000e6100000| Complete 
|  98|0x00000000e6200000, 0x00000000e6200000, 0x00000000e6300000|  0%| F|  |TAMS 0x00000000e6200000, 0x00000000e6200000| Untracked 
|  99|0x00000000e6300000, 0x00000000e6300000, 0x00000000e6400000|  0%| F|  |TAMS 0x00000000e6300000, 0x00000000e6300000| Untracked 
| 100|0x00000000e6400000, 0x00000000e6480800, 0x00000000e6500000| 50%| E|  |TAMS 0x00000000e6400000, 0x00000000e6400000| Complete 
| 101|0x00000000e6500000, 0x00000000e6600000, 0x00000000e6600000|100%| E|CS|TAMS 0x00000000e6500000, 0x00000000e6500000| Complete 
| 102|0x00000000e6600000, 0x00000000e6700000, 0x00000000e6700000|100%| E|CS|TAMS 0x00000000e6600000, 0x00000000e6600000| Complete 
| 103|0x00000000e6700000, 0x00000000e6800000, 0x00000000e6800000|100%| E|CS|TAMS 0x00000000e6700000, 0x00000000e6700000| Complete 
| 104|0x00000000e6800000, 0x00000000e6900000, 0x00000000e6900000|100%| E|CS|TAMS 0x00000000e6800000, 0x00000000e6800000| Complete 
| 105|0x00000000e6900000, 0x00000000e6a00000, 0x00000000e6a00000|100%| E|CS|TAMS 0x00000000e6900000, 0x00000000e6900000| Complete 
| 106|0x00000000e6a00000, 0x00000000e6b00000, 0x00000000e6b00000|100%| E|CS|TAMS 0x00000000e6a00000, 0x00000000e6a00000| Complete 
| 107|0x00000000e6b00000, 0x00000000e6c00000, 0x00000000e6c00000|100%| E|CS|TAMS 0x00000000e6b00000, 0x00000000e6b00000| Complete 
| 108|0x00000000e6c00000, 0x00000000e6d00000, 0x00000000e6d00000|100%| E|CS|TAMS 0x00000000e6c00000, 0x00000000e6c00000| Complete 
| 109|0x00000000e6d00000, 0x00000000e6e00000, 0x00000000e6e00000|100%| E|CS|TAMS 0x00000000e6d00000, 0x00000000e6d00000| Complete 
| 110|0x00000000e6e00000, 0x00000000e6f00000, 0x00000000e6f00000|100%| E|CS|TAMS 0x00000000e6e00000, 0x00000000e6e00000| Complete 
| 111|0x00000000e6f00000, 0x00000000e7000000, 0x00000000e7000000|100%| E|CS|TAMS 0x00000000e6f00000, 0x00000000e6f00000| Complete 
| 112|0x00000000e7000000, 0x00000000e7100000, 0x00000000e7100000|100%| E|CS|TAMS 0x00000000e7000000, 0x00000000e7000000| Complete 
| 113|0x00000000e7100000, 0x00000000e7200000, 0x00000000e7200000|100%| E|CS|TAMS 0x00000000e7100000, 0x00000000e7100000| Complete 
| 114|0x00000000e7200000, 0x00000000e7300000, 0x00000000e7300000|100%| E|CS|TAMS 0x00000000e7200000, 0x00000000e7200000| Complete 
| 115|0x00000000e7300000, 0x00000000e7400000, 0x00000000e7400000|100%| E|CS|TAMS 0x00000000e7300000, 0x00000000e7300000| Complete 
| 116|0x00000000e7400000, 0x00000000e7500000, 0x00000000e7500000|100%| E|CS|TAMS 0x00000000e7400000, 0x00000000e7400000| Complete 
| 117|0x00000000e7500000, 0x00000000e7600000, 0x00000000e7600000|100%| E|CS|TAMS 0x00000000e7500000, 0x00000000e7500000| Complete 
| 118|0x00000000e7600000, 0x00000000e7700000, 0x00000000e7700000|100%| E|CS|TAMS 0x00000000e7600000, 0x00000000e7600000| Complete 
| 119|0x00000000e7700000, 0x00000000e7800000, 0x00000000e7800000|100%| E|CS|TAMS 0x00000000e7700000, 0x00000000e7700000| Complete 
| 120|0x00000000e7800000, 0x00000000e7900000, 0x00000000e7900000|100%| E|CS|TAMS 0x00000000e7800000, 0x00000000e7800000| Complete 
| 121|0x00000000e7900000, 0x00000000e7a00000, 0x00000000e7a00000|100%| E|CS|TAMS 0x00000000e7900000, 0x00000000e7900000| Complete 
| 122|0x00000000e7a00000, 0x00000000e7b00000, 0x00000000e7b00000|100%| E|CS|TAMS 0x00000000e7a00000, 0x00000000e7a00000| Complete 
| 123|0x00000000e7b00000, 0x00000000e7c00000, 0x00000000e7c00000|100%| E|CS|TAMS 0x00000000e7b00000, 0x00000000e7b00000| Complete 
| 124|0x00000000e7c00000, 0x00000000e7d00000, 0x00000000e7d00000|100%| E|CS|TAMS 0x00000000e7c00000, 0x00000000e7c00000| Complete 
| 125|0x00000000e7d00000, 0x00000000e7e00000, 0x00000000e7e00000|100%| E|CS|TAMS 0x00000000e7d00000, 0x00000000e7d00000| Complete 
| 126|0x00000000e7e00000, 0x00000000e7f00000, 0x00000000e7f00000|100%| E|CS|TAMS 0x00000000e7e00000, 0x00000000e7e00000| Complete 
| 127|0x00000000e7f00000, 0x00000000e8000000, 0x00000000e8000000|100%| E|CS|TAMS 0x00000000e7f00000, 0x00000000e7f00000| Complete 

Card table byte_map: [0x00000220fd670000,0x00000220fd770000] _byte_map_base: 0x00000220fcf70000

Marking Bits (Prev, Next): (CMBitMap*) 0x00000220fd19a7a0, (CMBitMap*) 0x00000220fd19a768
 Prev Bits: [0x00000220fe070000, 0x00000220fe870000)
 Next Bits: [0x00000220fd870000, 0x00000220fe070000)

Polling page: 0x00000220fb200000

Metaspace:

Usage:
  Non-class:     21.64 MB capacity,    21.22 MB ( 98%) used,   359.71 KB (  2%) free+waste,    74.81 KB ( <1%) overhead. 
      Class:      3.00 MB capacity,     2.72 MB ( 91%) used,   252.48 KB (  8%) free+waste,    37.25 KB (  1%) overhead. 
       Both:     24.64 MB capacity,    23.94 MB ( 97%) used,   612.20 KB (  2%) free+waste,   112.06 KB ( <1%) overhead. 

Virtual space:
  Non-class space:       22.00 MB reserved,      21.75 MB ( 99%) committed 
      Class space:        1.00 GB reserved,       3.00 MB ( <1%) committed 
             Both:        1.02 GB reserved,      24.75 MB (  2%) committed 

Chunk freelists:
   Non-Class:  44.00 KB
       Class:  0 bytes
        Both:  44.00 KB

MaxMetaspaceSize: 17179869184.00 GB
CompressedClassSpaceSize: 1.00 GB
Initial GC threshold: 20.80 MB
Current GC threshold: 35.08 MB
CDS: off

CodeHeap 'non-profiled nmethods': size=120000Kb used=699Kb max_used=699Kb free=119300Kb
 bounds [0x0000022090170000, 0x00000220903e0000, 0x00000220976a0000]
CodeHeap 'profiled nmethods': size=120000Kb used=3968Kb max_used=3968Kb free=116031Kb
 bounds [0x0000022088c40000, 0x0000022089030000, 0x0000022090170000]
CodeHeap 'non-nmethods': size=5760Kb used=1208Kb max_used=1212Kb free=4551Kb
 bounds [0x00000220886a0000, 0x0000022088910000, 0x0000022088c40000]
 total_blobs=2403 nmethods=1924 adapters=391
 compilation: enabled
              stopped_count=0, restarted_count=0
 full_count=0

Compilation events (20 events):
Event: 2.713 Thread 0x00000220ff2d6800 1946  s    3       java.util.Hashtable::put (104 bytes)
Event: 2.714 Thread 0x00000220ff2d6800 nmethod 1946 0x0000022089019c10 code [0x0000022089019e20, 0x000002208901a5b8]
Event: 2.714 Thread 0x00000220ff2d6800 1947       3       java.util.Hashtable::addEntry (87 bytes)
Event: 2.714 Thread 0x00000220ff2d6800 nmethod 1947 0x000002208901a810 code [0x000002208901aa20, 0x000002208901b138]
Event: 2.714 Thread 0x00000220ff2d6800 1948       3       java.util.Hashtable$Entry::<init> (26 bytes)
Event: 2.715 Thread 0x00000220ff2d6800 nmethod 1948 0x000002208901b390 code [0x000002208901b540, 0x000002208901b7b8]
Event: 2.715 Thread 0x00000220ff2d6800 1949       3       sun.security.util.Cache$EqualByteArray::<init> (10 bytes)
Event: 2.715 Thread 0x00000220ff2d6800 nmethod 1949 0x000002208901b890 code [0x000002208901ba40, 0x000002208901bbf8]
Event: 2.715 Thread 0x00000220ff2d6800 1950       3       sun.security.util.MemoryCache::emptyQueue (93 bytes)
Event: 2.715 Thread 0x00000220ff2d6800 nmethod 1950 0x000002208901bc90 code [0x000002208901bee0, 0x000002208901c9d8]
Event: 2.715 Thread 0x00000220ff2d6800 1951       3       sun.security.util.Cache$EqualByteArray::hashCode (32 bytes)
Event: 2.716 Thread 0x00000220ff2d6800 nmethod 1951 0x000002208901cd10 code [0x000002208901cec0, 0x000002208901d088]
Event: 2.751 Thread 0x00000220ff2d6800 1953       3       java.util.LinkedList::<init> (10 bytes)
Event: 2.752 Thread 0x00000220ff2d6800 nmethod 1953 0x000002208901d190 code [0x000002208901d360, 0x000002208901d5d8]
Event: 2.752 Thread 0x00000220ff2d6800 1954       3       java.util.AbstractSequentialList::<init> (5 bytes)
Event: 2.752 Thread 0x00000220ff2d6800 nmethod 1954 0x000002208901d710 code [0x000002208901d8e0, 0x000002208901daf8]
Event: 2.752 Thread 0x00000220ff2d6800 1956       3       sun.security.provider.SHA2::implCompress0 (466 bytes)
Event: 2.753 Thread 0x00000220ff2d6800 nmethod 1956 0x000002208901dc10 code [0x000002208901de20, 0x000002208901e558]
Event: 2.753 Thread 0x00000220ff2d6800 1957       1       java.util.concurrent.locks.AbstractQueuedSynchronizer::setState (6 bytes)
Event: 2.753 Thread 0x00000220ff2d6800 nmethod 1957 0x000002209021e810 code [0x000002209021e9c0, 0x000002209021ea78]

GC Heap History (6 events):
Event: 1.236 GC heap before
{Heap before GC invocations=0 (full 0):
 garbage-first heap   total 131072K, used 23552K [0x00000000e0000000, 0x0000000100000000)
  region size 1024K, 24 young (24576K), 0 survivors (0K)
 Metaspace       used 13142K, capacity 13386K, committed 13568K, reserved 1060864K
  class space    used 1357K, capacity 1428K, committed 1536K, reserved 1048576K
}
Event: 1.262 GC heap after
{Heap after GC invocations=1 (full 0):
 garbage-first heap   total 131072K, used 6869K [0x00000000e0000000, 0x0000000100000000)
  region size 1024K, 3 young (3072K), 3 survivors (3072K)
 Metaspace       used 13142K, capacity 13386K, committed 13568K, reserved 1060864K
  class space    used 1357K, capacity 1428K, committed 1536K, reserved 1048576K
}
Event: 1.603 GC heap before
{Heap before GC invocations=1 (full 0):
 garbage-first heap   total 131072K, used 18133K [0x00000000e0000000, 0x0000000100000000)
  region size 1024K, 14 young (14336K), 3 survivors (3072K)
 Metaspace       used 15317K, capacity 15925K, committed 16000K, reserved 1062912K
  class space    used 1695K, capacity 1903K, committed 1920K, reserved 1048576K
}
Event: 1.606 GC heap after
{Heap after GC invocations=2 (full 0):
 garbage-first heap   total 131072K, used 8021K [0x00000000e0000000, 0x0000000100000000)
  region size 1024K, 1 young (1024K), 1 survivors (1024K)
 Metaspace       used 15317K, capacity 15925K, committed 16000K, reserved 1062912K
  class space    used 1695K, capacity 1903K, committed 1920K, reserved 1048576K
}
Event: 2.290 GC heap before
{Heap before GC invocations=2 (full 0):
 garbage-first heap   total 131072K, used 36693K [0x00000000e0000000, 0x0000000100000000)
  region size 1024K, 30 young (30720K), 1 survivors (1024K)
 Metaspace       used 20579K, capacity 21207K, committed 21296K, reserved 1069056K
  class space    used 2269K, capacity 2518K, committed 2560K, reserved 1048576K
}
Event: 2.298 GC heap after
{Heap after GC invocations=3 (full 0):
 garbage-first heap   total 131072K, used 11488K [0x00000000e0000000, 0x0000000100000000)
  region size 1024K, 4 young (4096K), 4 survivors (4096K)
 Metaspace       used 20579K, capacity 21207K, committed 21296K, reserved 1069056K
  class space    used 2269K, capacity 2518K, committed 2560K, reserved 1048576K
}

Deoptimization events (20 events):
Event: 2.249 Thread 0x00000220fd173800 DEOPT PACKING pc=0x00000220901f22cc sp=0x000000668c0fc530
Event: 2.249 Thread 0x00000220fd173800 DEOPT UNPACKING pc=0x00000220886ea1af sp=0x000000668c0fc4d0 mode 2
Event: 2.249 Thread 0x00000220fd173800 Uncommon trap: trap_request=0xffffffc6 fr.pc=0x00000220901f22cc relative=0x0000000000000e0c
Event: 2.249 Thread 0x00000220fd173800 Uncommon trap: reason=bimorphic_or_optimized_type_check action=maybe_recompile pc=0x00000220901f22cc method=java.util.HashMap.putVal(ILjava/lang/Object;Ljava/lang/Object;ZZ)Ljava/lang/Object; @ 91 c2
Event: 2.249 Thread 0x00000220fd173800 DEOPT PACKING pc=0x00000220901f22cc sp=0x000000668c0fc530
Event: 2.249 Thread 0x00000220fd173800 DEOPT UNPACKING pc=0x00000220886ea1af sp=0x000000668c0fc4d0 mode 2
Event: 2.257 Thread 0x00000220fd173800 Uncommon trap: trap_request=0xffffffc6 fr.pc=0x00000220901f22cc relative=0x0000000000000e0c
Event: 2.257 Thread 0x00000220fd173800 Uncommon trap: reason=bimorphic_or_optimized_type_check action=maybe_recompile pc=0x00000220901f22cc method=java.util.HashMap.putVal(ILjava/lang/Object;Ljava/lang/Object;ZZ)Ljava/lang/Object; @ 91 c2
Event: 2.257 Thread 0x00000220fd173800 DEOPT PACKING pc=0x00000220901f22cc sp=0x000000668c0fbec0
Event: 2.257 Thread 0x00000220fd173800 DEOPT UNPACKING pc=0x00000220886ea1af sp=0x000000668c0fbe60 mode 2
Event: 2.257 Thread 0x00000220fd173800 Uncommon trap: trap_request=0xffffffc6 fr.pc=0x00000220901f22cc relative=0x0000000000000e0c
Event: 2.257 Thread 0x00000220fd173800 Uncommon trap: reason=bimorphic_or_optimized_type_check action=maybe_recompile pc=0x00000220901f22cc method=java.util.HashMap.putVal(ILjava/lang/Object;Ljava/lang/Object;ZZ)Ljava/lang/Object; @ 91 c2
Event: 2.257 Thread 0x00000220fd173800 DEOPT PACKING pc=0x00000220901f22cc sp=0x000000668c0fbec0
Event: 2.257 Thread 0x00000220fd173800 DEOPT UNPACKING pc=0x00000220886ea1af sp=0x000000668c0fbe60 mode 2
Event: 2.322 Thread 0x00000220fd173800 DEOPT PACKING pc=0x0000022088c50468 sp=0x000000668c0f8600
Event: 2.322 Thread 0x00000220fd173800 DEOPT UNPACKING pc=0x00000220886ea95e sp=0x000000668c0f7b08 mode 0
Event: 2.385 Thread 0x00000220fd173800 Uncommon trap: trap_request=0xffffff4d fr.pc=0x00000220901d44d0 relative=0x00000000000013d0
Event: 2.385 Thread 0x00000220fd173800 Uncommon trap: reason=unstable_if action=reinterpret pc=0x00000220901d44d0 method=java.util.jar.JarFile.getVersionedEntry(Ljava/lang/String;Ljava/util/jar/JarEntry;)Ljava/util/jar/JarEntry; @ 7 c2
Event: 2.385 Thread 0x00000220fd173800 DEOPT PACKING pc=0x00000220901d44d0 sp=0x000000668c0f9470
Event: 2.385 Thread 0x00000220fd173800 DEOPT UNPACKING pc=0x00000220886ea1af sp=0x000000668c0f9420 mode 2

Classes redefined (0 events):
No events

Internal exceptions (20 events):
Event: 1.566 Thread 0x00000220fd173800 Exception <a 'java/lang/NoSuchMethodError'{0x00000000e75223b8}: 'java.lang.Object java.lang.invoke.Invokers$Holder.linkToTargetMethod(java.lang.Object, int, java.lang.Object)'> (0x00000000e75223b8) thrown at [s\src\hotspot\share\interpreter\linkResolver.cpp, line 773]
Event: 1.577 Thread 0x00000220fd173800 Exception <a 'java/lang/NoSuchMethodError'{0x00000000e755d178}: 'int java.lang.invoke.DirectMethodHandle$Holder.invokeStaticInit(java.lang.Object, java.lang.Object, java.lang.Object)'> (0x00000000e755d178) thrown at [s\src\hotspot\share\interpreter\linkResolver.cpp, line 773]
Event: 1.608 Thread 0x00000220fd173800 Exception <a 'java/lang/NoSuchMethodError'{0x00000000e7f03d78}: 'int java.lang.invoke.DirectMethodHandle$Holder.invokeStaticInit(java.lang.Object, java.lang.Object)'> (0x00000000e7f03d78) thrown at [s\src\hotspot\share\interpreter\linkResolver.cpp, line 773]
Event: 1.619 Thread 0x00000220fd173800 Exception <a 'java/lang/NoSuchMethodError'{0x00000000e7f3f268}: 'java.lang.Object java.lang.invoke.DirectMethodHandle$Holder.invokeInterface(java.lang.Object, java.lang.Object, java.lang.Object)'> (0x00000000e7f3f268) thrown at [s\src\hotspot\share\interpreter\linkResolver.cpp, line 773]
Event: 1.628 Thread 0x00000220fd173800 Exception <a 'java/lang/IncompatibleClassChangeError'{0x00000000e7f6d248}: Found class java.lang.Object, but interface was expected> (0x00000000e7f6d248) thrown at [s\src\hotspot\share\interpreter\linkResolver.cpp, line 839]
Event: 1.924 Thread 0x00000220fd173800 Exception <a 'sun/nio/fs/WindowsException'{0x00000000e7388db8}> (0x00000000e7388db8) thrown at [s\src\hotspot\share\prims\jni.cpp, line 617]
Event: 1.942 Thread 0x00000220fd173800 Exception <a 'java/lang/NoSuchMethodError'{0x00000000e73ae048}: 'int java.lang.invoke.DirectMethodHandle$Holder.invokeStaticInit(java.lang.Object, java.lang.Object, java.lang.Object, java.lang.Object)'> (0x00000000e73ae048) thrown at [s\src\hotspot\share\interpreter\linkResolver.cpp, line 773]
Event: 1.943 Thread 0x00000220fd173800 Exception <a 'java/lang/IncompatibleClassChangeError'{0x00000000e73b7058}: Found class java.lang.Object, but interface was expected> (0x00000000e73b7058) thrown at [s\src\hotspot\share\interpreter\linkResolver.cpp, line 839]
Event: 1.945 Thread 0x00000220fd173800 Exception <a 'java/lang/NoSuchMethodError'{0x00000000e73ba740}: 'void java.lang.invoke.DirectMethodHandle$Holder.invokeStaticInit(java.lang.Object, java.lang.Object)'> (0x00000000e73ba740) thrown at [s\src\hotspot\share\interpreter\linkResolver.cpp, line 773]
Event: 2.197 Thread 0x00000220fd173800 Exception <a 'java/lang/NoSuchMethodError'{0x00000000e6630048}: 'java.lang.Object java.lang.invoke.DirectMethodHandle$Holder.invokeStatic(java.lang.Object, java.lang.Object, java.lang.Object, java.lang.Object, java.lang.Object, java.lang.Object, java.lang.Object, java.lang.Object, java.lang.Object, java.lang.Object, java.lang.Object, int)'> (0x00000000e6630048) thrown at [s\src\hotspot\share\interpreter\linkResolver.cpp, line 773]
Event: 2.199 Thread 0x00000220fd173800 Exception <a 'java/lang/NoSuchMethodError'{0x00000000e664ea98}: 'java.lang.Object java.lang.invoke.DirectMethodHandle$Holder.invokeStatic(java.lang.Object, java.lang.Object, java.lang.Object, java.lang.Object, java.lang.Object, java.lang.Object, java.lang.Object, java.lang.Object, java.lang.Object, java.lang.Object, java.lang.Object, int, int)'> (0x00000000e664ea98) thrown at [s\src\hotspot\share\interpreter\linkResolver.cpp, line 773]
Event: 2.201 Thread 0x00000220fd173800 Exception <a 'java/lang/NoSuchMethodError'{0x00000000e666e0a8}: 'java.lang.Object java.lang.invoke.DirectMethodHandle$Holder.invokeStatic(java.lang.Object, java.lang.Object, java.lang.Object, java.lang.Object, java.lang.Object, java.lang.Object, java.lang.Object, java.lang.Object, java.lang.Object, java.lang.Object, java.lang.Object, int, int, java.lang.Object)'> (0x00000000e666e0a8) thrown at [s\src\hotspot\share\interpreter\linkResolver.cpp, line 773]
Event: 2.203 Thread 0x00000220fd173800 Exception <a 'java/lang/NoSuchMethodError'{0x00000000e668f0c0}: 'java.lang.Object java.lang.invoke.DirectMethodHandle$Holder.invokeStatic(java.lang.Object, java.lang.Object, java.lang.Object, java.lang.Object, java.lang.Object, java.lang.Object, java.lang.Object, java.lang.Object, java.lang.Object, java.lang.Object, java.lang.Object, int, int, java.lang.Object, java.lang.Object)'> (0x00000000e668f0c0) thrown at [s\src\hotspot\share\interpreter\linkResolver.cpp, line 773]
Event: 2.252 Thread 0x00000220fd173800 Exception <a 'java/lang/NoSuchMethodError'{0x00000000e646f318}: 'java.lang.Object java.lang.invoke.DirectMethodHandle$Holder.invokeInterface(java.lang.Object, java.lang.Object, java.lang.Object, java.lang.Object, java.lang.Object)'> (0x00000000e646f318) thrown at [s\src\hotspot\share\interpreter\linkResolver.cpp, line 773]
Event: 2.253 Thread 0x00000220fd173800 Exception <a 'java/lang/IncompatibleClassChangeError'{0x00000000e6472a70}: Found class java.lang.Object, but interface was expected> (0x00000000e6472a70) thrown at [s\src\hotspot\share\interpreter\linkResolver.cpp, line 839]
Event: 2.264 Thread 0x00000220fd173800 Exception <a 'java/lang/IncompatibleClassChangeError'{0x00000000e64aa740}: Found class java.lang.Object, but interface was expected> (0x00000000e64aa740) thrown at [s\src\hotspot\share\interpreter\linkResolver.cpp, line 839]
Event: 2.508 Thread 0x00000220fd173800 Exception <a 'java/lang/NoClassDefFoundError'{0x00000000e7340090}> (0x00000000e7340090) thrown at [s\src\hotspot\share\oops\instanceKlass.cpp, line 1029]
Event: 2.510 Thread 0x00000220fd173800 Exception <a 'java/lang/NoClassDefFoundError'{0x00000000e736d560}: org/apache/logging/log4j/spi/ExtendedLoggerWrapper> (0x00000000e736d560) thrown at [s\src\hotspot\share\classfile\systemDictionary.cpp, line 219]
Event: 2.512 Thread 0x00000220fd173800 Exception <a 'java/lang/NoClassDefFoundError'{0x00000000e7398408}: org/apache/log4j/Priority> (0x00000000e7398408) thrown at [s\src\hotspot\share\classfile\systemDictionary.cpp, line 219]
Event: 2.608 Thread 0x00000220fd173800 Exception <a 'java/lang/NoSuchMethodError'{0x00000000e6e61260}: 'void java.lang.invoke.DirectMethodHandle$Holder.invokeStatic(java.lang.Object, java.lang.Object, java.lang.Object, java.lang.Object, java.lang.Object, java.lang.Object)'> (0x00000000e6e61260) thrown at [s\src\hotspot\share\interpreter\linkResolver.cpp, line 773]

Events (20 events):
Event: 2.749 loading class sun/security/ssl/SSLConfiguration$CustomizedClientSignatureSchemes
Event: 2.749 loading class sun/security/ssl/SSLConfiguration$CustomizedClientSignatureSchemes done
Event: 2.749 loading class javax/net/ssl/SSLParameters
Event: 2.749 loading class javax/net/ssl/SSLParameters done
Event: 2.749 loading class sun/security/ssl/SSLConfiguration$1
Event: 2.749 loading class sun/security/ssl/SSLConfiguration$1 done
Event: 2.749 loading class io/netty/handler/ssl/SslUtils
Event: 2.749 loading class io/netty/handler/ssl/SslUtils done
Event: 2.751 loading class sun/security/ssl/DummyX509TrustManager
Event: 2.751 loading class sun/security/ssl/DummyX509TrustManager done
Event: 2.753 loading class io/netty/handler/ssl/util/X509TrustManagerWrapper
Event: 2.753 loading class io/netty/handler/ssl/util/X509TrustManagerWrapper done
Event: 2.754 loading class io/netty/handler/ssl/JdkDefaultApplicationProtocolNegotiator
Event: 2.754 loading class io/netty/handler/ssl/JdkDefaultApplicationProtocolNegotiator done
Event: 2.754 loading class io/netty/handler/ssl/JdkApplicationProtocolNegotiator$SslEngineWrapperFactory
Event: 2.754 loading class io/netty/handler/ssl/JdkApplicationProtocolNegotiator$SslEngineWrapperFactory done
Event: 2.755 loading class io/netty/handler/ssl/JdkDefaultApplicationProtocolNegotiator$1
Event: 2.755 loading class io/netty/handler/ssl/JdkDefaultApplicationProtocolNegotiator$1 done
Event: 2.756 loading class io/netty/util/DefaultAttributeMap
Event: 2.756 loading class io/netty/util/DefaultAttributeMap done


Dynamic libraries:
0x00007ff64d2e0000 - 0x00007ff64d2ee000 	C:\Program Files\Eclipse Adoptium\jdk-11.0.19.7-hotspot\bin\java.exe
0x00007ffa6be90000 - 0x00007ffa6c061000 	C:\Windows\SYSTEM32\ntdll.dll
0x00007ffa6ba80000 - 0x00007ffa6bb2b000 	C:\Windows\System32\KERNEL32.DLL
0x00007ffa68a50000 - 0x00007ffa68c6d000 	C:\Windows\System32\KERNELBASE.dll
0x00007ffa684d0000 - 0x00007ffa685c5000 	C:\Windows\System32\ucrtbase.dll
0x00007ffa490b0000 - 0x00007ffa490c9000 	C:\Program Files\Eclipse Adoptium\jdk-11.0.19.7-hotspot\bin\VCRUNTIME140.dll
0x00007ffa4ae20000 - 0x00007ffa4ae38000 	C:\Program Files\Eclipse Adoptium\jdk-11.0.19.7-hotspot\bin\jli.dll
0x00007ffa6b850000 - 0x00007ffa6b9b5000 	C:\Windows\System32\USER32.dll
0x00007ffa685d0000 - 0x00007ffa685ee000 	C:\Windows\System32\win32u.dll
0x00007ffa69ad0000 - 0x00007ffa69b04000 	C:\Windows\System32\GDI32.dll
0x00007ffa68810000 - 0x00007ffa68992000 	C:\Windows\System32\gdi32full.dll
0x00007ffa54ab0000 - 0x00007ffa54d29000 	C:\Windows\WinSxS\amd64_microsoft.windows.common-controls_6595b64144ccf1df_6.0.14393.0_none_2d0f50fcbdb171b8\COMCTL32.dll
0x00007ffa6b7b0000 - 0x00007ffa6b84e000 	C:\Windows\System32\msvcrt.dll
0x00007ffa69580000 - 0x00007ffa69847000 	C:\Windows\System32\combase.dll
0x00007ffa6bc90000 - 0x00007ffa6bdb1000 	C:\Windows\System32\RPCRT4.dll
0x00007ffa68c70000 - 0x00007ffa68cda000 	C:\Windows\System32\bcryptPrimitives.dll
0x00007ffa6bdc0000 - 0x00007ffa6bdee000 	C:\Windows\System32\IMM32.DLL
0x00007ffa5b9e0000 - 0x00007ffa5b9ec000 	C:\Program Files\Eclipse Adoptium\jdk-11.0.19.7-hotspot\bin\vcruntime140_1.dll
0x00007ffa34ea0000 - 0x00007ffa34f31000 	C:\Program Files\Eclipse Adoptium\jdk-11.0.19.7-hotspot\bin\msvcp140.dll
0x00007ffa342e0000 - 0x00007ffa34e9c000 	C:\Program Files\Eclipse Adoptium\jdk-11.0.19.7-hotspot\bin\server\jvm.dll
0x00007ffa698c0000 - 0x00007ffa69962000 	C:\Windows\System32\ADVAPI32.dll
0x00007ffa6b9c0000 - 0x00007ffa6ba19000 	C:\Windows\System32\sechost.dll
0x00007ffa6bb30000 - 0x00007ffa6bb38000 	C:\Windows\System32\PSAPI.DLL
0x00007ffa57f60000 - 0x00007ffa57f69000 	C:\Windows\SYSTEM32\WSOCK32.dll
0x00007ffa5b440000 - 0x00007ffa5b44a000 	C:\Windows\SYSTEM32\VERSION.dll
0x00007ffa6be10000 - 0x00007ffa6be7a000 	C:\Windows\System32\WS2_32.dll
0x00007ffa66680000 - 0x00007ffa666a3000 	C:\Windows\SYSTEM32\WINMM.dll
0x00007ffa66620000 - 0x00007ffa6664b000 	C:\Windows\SYSTEM32\WINMMBASE.dll
0x00007ffa685f0000 - 0x00007ffa68632000 	C:\Windows\System32\cfgmgr32.dll
0x00007ffa683f0000 - 0x00007ffa683ff000 	C:\Windows\System32\kernel.appcore.dll
0x00007ffa5b450000 - 0x00007ffa5b460000 	C:\Program Files\Eclipse Adoptium\jdk-11.0.19.7-hotspot\bin\verify.dll
0x00007ffa582e0000 - 0x00007ffa58472000 	C:\Windows\SYSTEM32\DBGHELP.DLL
0x00007ffa58180000 - 0x00007ffa581a9000 	C:\Windows\SYSTEM32\dbgcore.DLL
0x00007ffa476f0000 - 0x00007ffa47718000 	C:\Program Files\Eclipse Adoptium\jdk-11.0.19.7-hotspot\bin\java.dll
0x00007ffa5ae10000 - 0x00007ffa5ae1a000 	C:\Program Files\Eclipse Adoptium\jdk-11.0.19.7-hotspot\bin\jimage.dll
0x00007ffa471f0000 - 0x00007ffa47208000 	C:\Program Files\Eclipse Adoptium\jdk-11.0.19.7-hotspot\bin\zip.dll
0x00007ffa69b10000 - 0x00007ffa6b018000 	C:\Windows\System32\SHELL32.dll
0x00007ffa68d40000 - 0x00007ffa6941a000 	C:\Windows\System32\windows.storage.dll
0x00007ffa683a0000 - 0x00007ffa683ec000 	C:\Windows\System32\powrprof.dll
0x00007ffa6ba20000 - 0x00007ffa6ba72000 	C:\Windows\System32\shlwapi.dll
0x00007ffa689a0000 - 0x00007ffa68a49000 	C:\Windows\System32\shcore.dll
0x00007ffa68400000 - 0x00007ffa68414000 	C:\Windows\System32\profapi.dll
0x00007ffa4d0e0000 - 0x00007ffa4d0f9000 	C:\Program Files\Eclipse Adoptium\jdk-11.0.19.7-hotspot\bin\net.dll
0x00007ffa62130000 - 0x00007ffa621fc000 	C:\Windows\SYSTEM32\WINHTTP.dll
0x00007ffa67cc0000 - 0x00007ffa67d1c000 	C:\Windows\system32\mswsock.dll
0x00007ffa49360000 - 0x00007ffa49373000 	C:\Program Files\Eclipse Adoptium\jdk-11.0.19.7-hotspot\bin\nio.dll
0x00007ffa67e60000 - 0x00007ffa67e77000 	C:\Windows\SYSTEM32\CRYPTSP.dll
0x00007ffa678d0000 - 0x00007ffa67903000 	C:\Windows\system32\rsaenh.dll
0x00007ffa67f70000 - 0x00007ffa67f9b000 	C:\Windows\SYSTEM32\bcrypt.dll
0x00007ffa67b40000 - 0x00007ffa67b5f000 	C:\Windows\SYSTEM32\USERENV.dll
0x00007ffa67e80000 - 0x00007ffa67e8b000 	C:\Windows\SYSTEM32\CRYPTBASE.dll
0x00007ffa67a50000 - 0x00007ffa67a88000 	C:\Windows\SYSTEM32\IPHLPAPI.DLL
0x00007ffa6be80000 - 0x00007ffa6be88000 	C:\Windows\System32\NSI.dll
0x00007ffa64620000 - 0x00007ffa64636000 	C:\Windows\SYSTEM32\dhcpcsvc6.DLL
0x00007ffa64ba0000 - 0x00007ffa64bba000 	C:\Windows\SYSTEM32\dhcpcsvc.DLL
0x00007ffa63c80000 - 0x00007ffa63c8e000 	C:\Program Files\Eclipse Adoptium\jdk-11.0.19.7-hotspot\bin\sunmscapi.dll
0x00007ffa68640000 - 0x00007ffa68808000 	C:\Windows\System32\CRYPT32.dll
0x00007ffa68390000 - 0x00007ffa683a0000 	C:\Windows\System32\MSASN1.dll
0x00007ffa67f40000 - 0x00007ffa67f66000 	C:\Windows\SYSTEM32\ncrypt.dll
0x00007ffa67f00000 - 0x00007ffa67f3b000 	C:\Windows\SYSTEM32\NTASN1.dll
0x00007ffa461a0000 - 0x00007ffa461c7000 	C:\Program Files\Eclipse Adoptium\jdk-11.0.19.7-hotspot\bin\sunec.dll
0x00007ffa67a90000 - 0x00007ffa67b30000 	C:\Windows\SYSTEM32\DNSAPI.dll
0x000000006cbf0000 - 0x000000006cc16000 	C:\Program Files\Bonjour\mdnsNSP.dll
0x00007ffa5c920000 - 0x00007ffa5c92a000 	C:\Windows\System32\rasadhlp.dll
0x00007ffa5d940000 - 0x00007ffa5d9aa000 	C:\Windows\System32\fwpuclnt.dll
0x00007ffa66070000 - 0x00007ffa66079000 	C:\Program Files\Eclipse Adoptium\jdk-11.0.19.7-hotspot\bin\management.dll
0x00007ffa64a40000 - 0x00007ffa64a4b000 	C:\Program Files\Eclipse Adoptium\jdk-11.0.19.7-hotspot\bin\management_ext.dll

dbghelp: loaded successfully - version: 4.0.5 - missing functions: none
symbol engine: initialized successfully - sym options: 0x614 - pdb path: .;C:\Program Files\Eclipse Adoptium\jdk-11.0.19.7-hotspot\bin;C:\Windows\SYSTEM32;C:\Windows\WinSxS\amd64_microsoft.windows.common-controls_6595b64144ccf1df_6.0.14393.0_none_2d0f50fcbdb171b8;C:\Program Files\Eclipse Adoptium\jdk-11.0.19.7-hotspot\bin\server;C:\Program Files\Bonjour

VM Arguments:
jvm_args: -Dorg.gradle.internal.worker.tmpdir=C:\Users\User\Selenium\build\tmp\test\work -Dorg.gradle.native=false -Dselenide.headless -Xmx512m -Dfile.encoding=windows-1251 -Duser.country=RU -Duser.language=ru -Duser.variant -ea 
java_command: worker.org.gradle.process.internal.worker.GradleWorkerMain 'Gradle Test Executor 6'
java_class_path (initial): C:\\Users\\User\\.gradle\\caches\\7.6\\workerMain\\gradle-worker.jar;C:\\Users\\User\\Selenium\\build\\classes\\java\\test;C:\\Users\\User\\Selenium\\build\\classes\\java\\main;C:\\Users\\User\\.gradle\\caches\\modules-2\\files-2.1\\org.junit.jupiter\\junit-jupiter-params\\5.6.1\\3a9033e0bde8085cb357b20b220f2e1aae429f52\\junit-jupiter-params-5.6.1.jar;C:\\Users\\User\\.gradle\\caches\\modules-2\\files-2.1\\org.junit.jupiter\\junit-jupiter-engine\\5.6.1\\f9686cdeb1b70e7928656379b1a116450a391ea2\\junit-jupiter-engine-5.6.1.jar;C:\\Users\\User\\.gradle\\caches\\modules-2\\files-2.1\\org.junit.jupiter\\junit-jupiter-api\\5.6.1\\552e8b1410c1e210841a9b7e0dab65b5dcb8208b\\junit-jupiter-api-5.6.1.jar;C:\\Users\\User\\.gradle\\caches\\modules-2\\files-2.1\\org.junit.platform\\junit-platform-engine\\1.6.1\\e93ddd6d2e6e7d1ff6439fe61ab6a862edb066f7\\junit-platform-engine-1.6.1.jar;C:\\Users\\User\\.gradle\\caches\\modules-2\\files-2.1\\org.junit.platform\\junit-platform-commons\\1.6.1\\3211988f6980e1bd68e2b4049f32c2076a0b93ed\\junit-platform-commons-1.6.1.jar;C:\\Users\\User\\.gradle\\caches\\modules-2\\files-2.1\\org.junit.jupiter\\junit-jupiter\\5.6.1\\4ae716895f1ee8a5720c02c8f2ae749bf7f7de18\\junit-jupiter-5.6.1.jar;C:\\Users\\User\\.gradle\\caches\\modules-2\\files-2.1\\org.seleniumhq.selenium\\selenium-java\\4.11.0\\18cef0adbc08d152da07b234a04f6e8240ce215f\\selenium-java-4.11.0.jar;C:\\Users\\User\\.gradle\\caches\\modules-2\\files-2.1\\io.github.bonigarcia\\webdrivermanager\\5.4.1\\442d8a6a6e5ad6aad7e1ac281be5845ad13b6ff0\\webdrivermanager-5.4.1.jar;C:\\Users\\User\\.gradle\\caches\\modules-2\\files-2.1\\org.seleniumhq.selenium\\selenium-chrome-driver\\4.11.0\\4c44dd3f0402a8b988966a153714af1c69e26d13\\selenium-chrome-driver-4.11.0.jar;C:\\Users\\User\\.gradle\\caches\\modules-2\\files-2.1\\org.seleniumhq.selenium\\selenium-devtools-v113\\4.11.0\\a0dc1c6e06f210ffa8b189dd607966f105303aff\\selenium-devtools-v113-4.11.0.jar;C:\\Users\\User\\.gradl
Launcher Type: SUN_STANDARD

[Global flags]
     intx CICompilerCount                          = 4                                         {product} {ergonomic}
     uint ConcGCThreads                            = 2                                         {product} {ergonomic}
     uint G1ConcRefinementThreads                  = 8                                         {product} {ergonomic}
   size_t G1HeapRegionSize                         = 1048576                                   {product} {ergonomic}
    uintx GCDrainStackTargetSize                   = 64                                        {product} {ergonomic}
   size_t InitialHeapSize                          = 134217728                                 {product} {ergonomic}
   size_t MarkStackSize                            = 4194304                                   {product} {ergonomic}
   size_t MaxHeapSize                              = 536870912                                 {product} {command line}
   size_t MaxNewSize                               = 321912832                                 {product} {ergonomic}
   size_t MinHeapDeltaBytes                        = 1048576                                   {product} {ergonomic}
    uintx NonNMethodCodeHeapSize                   = 5836300                                {pd product} {ergonomic}
    uintx NonProfiledCodeHeapSize                  = 122910970                              {pd product} {ergonomic}
    uintx ProfiledCodeHeapSize                     = 122910970                              {pd product} {ergonomic}
    uintx ReservedCodeCacheSize                    = 251658240                              {pd product} {ergonomic}
     bool SegmentedCodeCache                       = true                                      {product} {ergonomic}
     bool UseCompressedClassPointers               = true                                 {lp64_product} {ergonomic}
     bool UseCompressedOops                        = true                                 {lp64_product} {ergonomic}
     bool UseG1GC                                  = true                                      {product} {ergonomic}
     bool UseLargePagesIndividualAllocation        = false                                  {pd product} {ergonomic}

Logging:
Log output configuration:
 #0: stdout all=warning uptime,level,tags
 #1: stderr all=off uptime,level,tags

Environment Variables:
PATH=C:\Program Files\Eclipse Adoptium\jdk-11.0.19.7-hotspot\bin;C:\Program Files (x86)\Common Files\Oracle\Java\javapath;C:\Windows\system32;C:\Windows;C:\Windows\System32\Wbem;C:\Windows\System32\WindowsPowerShell\v1.0\;C:\Program Files\Git\cmd;C:\Users\User\AppData\Local\Microsoft\WindowsApps;;C:\Users\User\AppData\Local\Programs\Microsoft VS Code\bin
USERNAME=User
OS=Windows_NT
PROCESSOR_IDENTIFIER=Intel64 Family 6 Model 60 Stepping 3, GenuineIntel
TMP=C:\Windows\TEMP
TEMP=C:\Windows\TEMP



---------------  S Y S T E M  ---------------

OS: Windows 10 , 64 bit Build 14393 (10.0.14393.0)
OS uptime: 4 days 0:57 hours

CPU:total 8 (initial active 8) (4 cores per cpu, 2 threads per core) family 6 model 60 stepping 3 microcode 0x1e, cmov, cx8, fxsr, mmx, sse, sse2, sse3, ssse3, sse4.1, sse4.2, popcnt, avx, avx2, aes, clmul, erms, lzcnt, ht, tsc, tscinvbit, bmi1, bmi2, fma

Memory: 4k page, system-wide physical 8075M (145M free)
TotalPageFile size 20875M (AvailPageFile size 4M)
current process WorkingSet (physical memory assigned to process): 122M, peak: 122M
current process commit charge ("private bytes"): 251M, peak: 251M

vm_info: OpenJDK 64-Bit Server VM (11.0.19+7) for windows-amd64 JRE (11.0.19+7), built on Apr 18 2023 23:12:18 by "" with MS VC++ 16.7 (VS2019)

END.
